
CASO : 3
Poblacion :   16 coordenadas :    2

Normalizar No

L.paso
------
 0.100
------

   42 
coeficientes
 ------ ------
  10.00  20.00
 ------ ------

coorde infer. super.
------ ------ ------
     0  20.00  50.00
     1   1.00  10.00
------ ------ ------

coorde objet.
------ ------
     0  40.00
     1   2.00
  0.00000e+00
------ ------

  5.16e+00  5.31e-01
  5.96e+00  6.25e-01
  3.78e+00  1.15e+00
  3.84e+00  5.36e-01
  2.73e+00  1.95e-01
  2.34e+00  1.24e-01
  2.11e+00  8.82e-02
  1.39e+00  1.30e-02
  8.92e-01  6.33e-03
  8.65e-01  8.80e-03
  2.24e-01  4.45e-03
  1.31e-01  2.43e-03
  1.20e-01  2.91e-03
  5.75e-02  1.01e-03
  3.81e-02  8.90e-04
  6.26e-02  7.92e-04
  2.86e-02  5.01e-04
  2.64e-02  4.67e-04
  1.91e-02  3.72e-04
  1.09e-02  1.83e-04
  1.40e-02  1.34e-04
  1.54e-02  2.55e-04
  6.02e-03  1.15e-04
  7.01e-03  1.05e-04
  3.28e-03  4.87e-05
  5.63e-03  6.67e-05


número máximo de generaciones    154

       n.geners    merito   10.0000  20.0000
       -------- ---------- -------- --------
geneti     26.0    0.00000  39.9958   2.0000
mc sim   2464.0    1.25763  38.2715   1.9729
mc suc   2464.0    0.07820  39.6894   1.9942
mc mod    799.0    0.00001  39.9975   2.0000
       -------- ---------- -------- --------

fin.

