
CASO : 1
Poblacion :   28 coordenadas :    6

Normalizar No

L.paso
------
 0.010
------

   42 
coeficientes
 ------ ------ ------ ------ ------ ------
   6.00  35.00  16.00  90.00 200.00  40.00
 ------ ------ ------ ------ ------ ------

coorde infer. super.
------ ------ ------
     0   0.00  10.00
     1  30.00  50.00
     2   5.00 100.00
     3  10.00 200.00
     4   0.00 500.00
     5   0.00 1000.00
------ ------ ------

coorde objet.
------ ------
     0   6.00
     1  35.00
     2  16.00
     3  90.00
     4 200.00
     5  40.00
  0.00000e+00
------ ------

  1.61e+00  1.46e+00  4.93e+00  4.40e+00  1.80e+01  4.58e+01
  1.76e+00  2.31e+00  7.26e+00  1.70e+01  1.49e+01  7.64e+01
  1.20e+00  3.30e+00  1.62e+01  1.66e+01  2.63e+01  6.60e+01
  1.21e+00  2.11e+00  1.08e+01  2.33e+01  4.74e+01  6.89e+01
  9.34e-01  1.72e+00  1.04e+01  2.03e+01  2.95e+01  4.78e+01
  8.85e-01  1.66e+00  8.56e+00  1.90e+01  1.36e+01  5.84e+01
  7.70e-01  1.79e+00  3.72e+00  7.78e+00  6.87e+00  7.28e+00
  7.75e-01  2.02e+00  6.26e+00  7.32e+00  3.74e+00  2.06e+01
  6.31e-01  2.35e+00  3.36e+00  6.41e+00  3.15e+00  6.32e+00
  5.08e-01  1.05e+00  3.08e+00  3.80e+00  3.41e+00  7.24e+00
  4.69e-01  1.15e+00  1.74e+00  2.76e+00  1.89e+00  2.86e+00
  1.23e+00  9.76e-01  1.59e+00  1.59e+00  1.85e+00  2.67e+00
  5.54e-01  7.89e-01  1.05e+00  1.39e+00  1.17e+00  1.42e+00
  4.70e-01  7.73e-01  6.92e-01  8.76e-01  6.63e-01  1.26e+00
  4.28e-01  7.02e-01  5.17e-01  7.15e-01  5.75e-01  6.76e-01
  3.56e-01  4.92e-01  3.82e-01  4.43e-01  3.01e-01  8.41e-01
  2.73e-01  3.18e-01  5.24e-01  3.98e-01  1.60e-01  5.61e-01
  1.66e-01  2.73e-01  3.31e-01  2.74e-01  2.22e-01  4.26e-01
  9.46e-02  1.62e-01  2.20e-01  1.72e-01  1.35e-01  3.50e-01
  1.06e-01  1.42e-01  2.21e-01  1.12e-01  9.15e-02  2.63e-01
  9.16e-02  7.44e-02  1.52e-01  1.55e-01  6.10e-02  1.37e-01
  6.13e-02  4.73e-02  1.04e-01  7.41e-02  7.43e-02  1.33e-01
  3.95e-02  9.74e-02  7.17e-02  7.33e-02  5.08e-02  9.58e-02
  4.11e-02  5.69e-02  7.66e-02  6.06e-02  5.32e-02  7.98e-02
  2.43e-02  5.71e-02  6.23e-02  6.19e-02  3.92e-02  4.52e-02
  1.44e-02  3.98e-02  3.90e-02  3.64e-02  1.47e-02  2.46e-02
  1.72e-02  2.39e-02  4.03e-02  2.25e-02  2.46e-02  1.90e-02
  2.10e-02  1.84e-02  2.21e-02  2.69e-02  1.61e-02  1.75e-02
  1.49e-02  1.29e-02  1.62e-02  1.66e-02  1.30e-02  1.28e-02
  1.63e-02  7.76e-03  1.02e-02  1.20e-02  7.64e-03  7.46e-03
  1.33e-02  7.82e-03  1.38e-02  1.64e-02  7.27e-03  8.14e-03
  8.47e-03  6.91e-03  7.75e-03  5.84e-03  5.08e-03  3.70e-03
  6.53e-03  4.04e-03  5.83e-03  5.85e-03  2.38e-03  2.48e-03
  3.32e-03  3.55e-03  3.03e-03  3.81e-03  1.47e-03  3.43e-03
  3.27e-03  1.91e-03  2.29e-03  2.92e-03  1.94e-03  2.53e-03
  2.04e-03  1.69e-03  1.70e-03  1.59e-03  2.04e-03  2.31e-03
  1.59e-03  6.47e-04  1.26e-03  1.57e-03  8.22e-04  1.16e-03
  1.12e-03  3.45e-04  1.20e-03  1.11e-03  5.84e-04  4.94e-04


numero maximo de generaciones    154

       n.geners    merito    6.0000  35.0000  16.0000  90.0000 200.0000  40.0000
       -------- ---------- -------- -------- -------- -------- -------- --------
geneti     38.0    0.00000   5.9998  34.9994  16.0005  90.0007 199.9999  39.9989
mc sim   4312.0 1325.10754   9.1821  34.5684  17.4645 122.0416 183.2957  37.3634
mc suc   4312.0    7.96447   8.0055  33.1441  15.8110  90.1393 200.3360  39.4256
mc mod   4312.0    0.53265   5.7720  35.6925  15.9982  89.9795 200.0147  39.9787
       -------- ---------- -------- -------- -------- -------- -------- --------

fin.

