
CASO : 0
Poblacion :   16 coordenadas :    2

Normalizar No

L.paso
------
 0.010
------

   42 
coeficientes
 ------ ------
   6.00   4.00
 ------ ------

coorde infer. super.
------ ------ ------
     0   0.00  10.00
     1   0.00  10.00
------ ------ ------

coorde objet.
------ ------
     0   6.00
     1   4.00
  0.00000e+00
------ ------

  1.68e+00  1.19e+00
  9.05e-01  8.44e-01
  5.85e-01  4.20e-01
  4.32e-01  2.84e-01
  2.32e-01  2.16e-01
  1.48e-01  1.09e-01
  6.87e-02  9.50e-02
  3.38e-02  4.77e-02
  2.13e-02  3.79e-02
  2.98e-02  2.71e-02
  1.22e-02  2.28e-02
  4.34e-03  9.44e-03


número máximo de generaciones    154

       n.geners    merito    6.0000   4.0000
       -------- ---------- -------- --------
geneti     12.0    0.00000   5.9994   3.9992
mc sim   2464.0    0.03668   5.8692   4.1399
mc suc   2464.0    0.00002   6.0040   4.0005
mc mod    276.0    0.00000   5.9992   4.0008
       -------- ---------- -------- --------

fin.

