
CASO : 1
Poblacion :   16 coordenadas :    6

Normalizar No

L.paso
------
 0.010
------

   42 
coeficientes
 ------ ------ ------ ------ ------ ------
   6.00  35.00  16.00  90.00 200.00  40.00
 ------ ------ ------ ------ ------ ------

coorde infer. super.
------ ------ ------
     0   0.00  10.00
     1  30.00  50.00
     2   5.00 100.00
     3  10.00 200.00
     4   0.00 500.00
     5   0.00 1000.00
------ ------ ------

coorde objet.
------ ------
     0   6.00
     1  35.00
     2  16.00
     3  90.00
     4 200.00
     5  40.00
  0.00000e+00
------ ------

numero maximo de generaciones    154

       n.geners    merito    6.0000  35.0000  16.0000  90.0000 200.0000  40.0000
       -------- ---------- -------- -------- -------- -------- -------- --------
geneti    154.0    0.48883   6.6834  34.9939  16.0428  90.0329 200.1344  40.0269
mc sim   2464.0 1325.10754   9.1821  34.5684  17.4645 122.0416 183.2957  37.3634
mc suc   2464.0    8.44490   8.0934  33.1469  15.2831  90.2452 199.8932  40.2075
mc mod   2464.0    8.44490   8.0934  33.1469  15.2831  90.2452 199.8932  40.2075
       -------- ---------- -------- -------- -------- -------- -------- --------

fin.

