
CASO : 5
Poblacion :   16 coordenadas :    3

Normalizar No

L.paso
------
 0.100
------

   42 
coeficientes
 ------ ------ ------ ------
 -14.00   2.00  -2.00  -6.00
 ------ ------ ------ ------

coorde infer. super.
------ ------ ------
     0   0.00   5.00
     1   0.00   5.00
     2   0.00   5.00
------ ------ ------

coorde objet.
------ ------
     0   1.44
     1   1.14
     2   3.26
  8.33552e-10
------ ------

  7.36e-01  3.09e-01  3.24e-01
  5.74e-01  3.15e-01  2.83e-01
  6.50e-01  3.36e-01  2.24e-01
  2.23e-01  1.24e-01  2.40e-01
  1.21e-01  2.19e-01  1.56e-01
  6.63e-02  1.11e-01  7.63e-02
  4.42e-02  1.24e-01  4.88e-02
  2.92e-02  8.93e-02  4.67e-02
  2.99e-02  4.12e-02  4.43e-02
  1.42e-02  5.64e-02  2.62e-02
  7.67e-03  3.64e-02  8.40e-03
  8.96e-03  3.12e-02  2.05e-02
  1.02e-02  2.39e-02  1.00e-02
  9.88e-03  2.20e-02  1.27e-02
  5.93e-03  1.54e-02  6.90e-03
  3.03e-03  9.85e-03  2.74e-03
  3.24e-03  5.76e-03  1.38e-03
  1.92e-03  4.33e-03  1.13e-03


número máximo de generaciones    154

       n.geners    merito  -14.0000   2.0000  -2.0000
       -------- ---------- -------- -------- --------
geneti     18.0    0.00001   1.4355   1.1405   3.2614
mc sim   2464.0    0.70587   1.5415   0.5996   3.4303
mc suc   2464.0    0.05819   1.3880   1.2055   3.2671
mc mod   1398.0    0.00000   1.4353   1.1421   3.2610
       -------- ---------- -------- -------- --------

fin.

