
CASO : 4
Poblacion :   16 coordenadas :    2

Normalizar No

L.paso
------
 0.100
------

   42 
coeficientes
 ------ ------ ------ ------ ------
   2.00 -36.00   2.00   3.00  -5.00
 ------ ------ ------ ------ ------

coorde infer. super.
------ ------ ------
     0   0.00  10.00
     1   6.50  10.00
------ ------ ------

coorde objet.
------ ------
     0   5.11
     1   7.33
  0.00000e+00
     0   6.00
     1   6.00
  0.00000e+00
------ ------

  1.84e+00  4.26e-01
  1.03e+00  4.59e-01
  8.21e-01  1.95e-01
  5.88e-01  1.75e-01
  5.21e-01  1.51e-01
  6.79e-01  1.45e-01
  3.62e-01  9.23e-02
  2.38e-01  6.39e-02
  4.53e-02  1.53e-02
  6.71e-02  1.51e-02
  2.16e-02  2.23e-02
  1.39e-02  6.72e-03
  8.26e-03  6.75e-03
  9.07e-03  4.79e-03
  1.44e-02  7.96e-03
  7.08e-03  6.50e-03
  5.36e-03  3.61e-03
  6.07e-03  3.84e-03
  3.07e-03  2.34e-03
  2.36e-03  1.69e-03
  2.36e-03  1.17e-03
  2.48e-03  8.09e-04
  1.84e-03  4.89e-04
  2.80e-03  5.43e-04
  1.57e-03  5.21e-04
  2.58e-03  5.47e-04
  1.15e-03  4.16e-04
  6.62e-04  1.47e-04
  6.26e-04  1.59e-04
  3.89e-04  9.57e-05
  3.78e-04  8.49e-05
  2.82e-04  6.72e-05
  1.31e-04  5.91e-05
  1.22e-04  5.47e-05
  8.60e-05  4.05e-05
  4.92e-05  6.22e-05
  6.36e-05  5.75e-05
  8.20e-05  2.98e-05
  1.43e-04  3.43e-05
  8.50e-05  2.80e-05
  5.70e-05  2.70e-05
  5.91e-05  2.74e-05
  3.46e-05  2.20e-05
  2.95e-05  1.65e-05
  2.05e-05  1.34e-05
  1.76e-05  9.92e-06
  1.01e-05  4.71e-06
  2.95e-06  2.34e-06
  4.59e-06  1.64e-06
  3.53e-06  9.09e-07
  1.68e-06  9.54e-07
  1.56e-06  6.11e-07
  7.15e-07  2.98e-07
  5.66e-07  2.38e-07
  2.68e-07  1.79e-07
  5.96e-07  8.94e-08
  4.47e-07  4.47e-08
  2.24e-07  1.49e-08
  7.45e-08  1.49e-08
  0.00e+00  2.98e-08
  5.96e-08  0.00e+00
  0.00e+00  0.00e+00
  0.00e+00  0.00e+00
  0.00e+00  0.00e+00
  0.00e+00  0.00e+00
  0.00e+00  0.00e+00
  0.00e+00  0.00e+00
  0.00e+00  0.00e+00
  0.00e+00  0.00e+00
  0.00e+00  0.00e+00
  0.00e+00  0.00e+00
  0.00e+00  0.00e+00
  0.00e+00  0.00e+00
  0.00e+00  0.00e+00
  0.00e+00  0.00e+00
  0.00e+00  0.00e+00
  0.00e+00  0.00e+00
  0.00e+00  0.00e+00
  0.00e+00  0.00e+00
  0.00e+00  0.00e+00
  0.00e+00  0.00e+00
  0.00e+00  0.00e+00
  0.00e+00  0.00e+00
  0.00e+00  0.00e+00
  0.00e+00  0.00e+00
  0.00e+00  0.00e+00
  0.00e+00  0.00e+00
  0.00e+00  0.00e+00
  0.00e+00  0.00e+00
  0.00e+00  0.00e+00
  0.00e+00  0.00e+00
  0.00e+00  0.00e+00
  0.00e+00  0.00e+00
  0.00e+00  0.00e+00
  0.00e+00  0.00e+00
  0.00e+00  0.00e+00
  0.00e+00  0.00e+00
  0.00e+00  0.00e+00
  0.00e+00  0.00e+00
  0.00e+00  0.00e+00
  0.00e+00  0.00e+00
  0.00e+00  0.00e+00
  0.00e+00  0.00e+00
  0.00e+00  0.00e+00
  0.00e+00  0.00e+00
  0.00e+00  0.00e+00
  0.00e+00  0.00e+00
  0.00e+00  0.00e+00
  0.00e+00  0.00e+00
  0.00e+00  0.00e+00
  0.00e+00  0.00e+00
  0.00e+00  0.00e+00
  0.00e+00  0.00e+00
  0.00e+00  0.00e+00
  0.00e+00  0.00e+00
  0.00e+00  0.00e+00
  0.00e+00  0.00e+00
  0.00e+00  0.00e+00
  0.00e+00  0.00e+00
  0.00e+00  0.00e+00
  0.00e+00  0.00e+00
  0.00e+00  0.00e+00
  0.00e+00  0.00e+00
  0.00e+00  0.00e+00
  0.00e+00  0.00e+00
  0.00e+00  0.00e+00
  0.00e+00  0.00e+00
  0.00e+00  0.00e+00
  0.00e+00  0.00e+00
  0.00e+00  0.00e+00
  0.00e+00  0.00e+00
  0.00e+00  0.00e+00
  0.00e+00  0.00e+00
  0.00e+00  0.00e+00
  0.00e+00  0.00e+00
  0.00e+00  0.00e+00
  0.00e+00  0.00e+00
  0.00e+00  0.00e+00
  0.00e+00  0.00e+00
  0.00e+00  0.00e+00
  0.00e+00  0.00e+00
  0.00e+00  0.00e+00
  0.00e+00  0.00e+00
  0.00e+00  0.00e+00
  0.00e+00  0.00e+00
  0.00e+00  0.00e+00
  0.00e+00  0.00e+00
  0.00e+00  0.00e+00
  0.00e+00  0.00e+00
  0.00e+00  0.00e+00
  0.00e+00  0.00e+00
  0.00e+00  0.00e+00
  0.00e+00  0.00e+00
  0.00e+00  0.00e+00


número máximo de generaciones    154

       n.geners    merito    2.0000 -36.0000
       -------- ---------- -------- --------
geneti    154.0    0.00869   5.3354   7.2749
mc sim   2464.0    0.00315   4.9930   7.3471
mc suc   2464.0    0.02441   5.9414   6.5009
mc mod   2464.0    0.03775   5.7337   6.9807
       -------- ---------- -------- --------

fin.

