
CASO : 2
Poblacion :   16 coordenadas :    2

Normalizar No

L.paso
------
 0.100
------

   42 
coeficientes
 ------ ------
  60.00  20.00
 ------ ------

coorde infer. super.
------ ------ ------
     0   1.00  80.00
     1  10.00  30.00
------ ------ ------

coorde objet.
------ ------
     0  40.00
     1  20.00
  0.00000e+00
------ ------

  1.32e+01  2.37e+00
  9.70e+00  1.99e+00
  7.21e+00  1.64e+00
  3.03e+00  1.81e+00
  1.64e+00  8.36e-01
  1.68e+00  9.28e-01
  6.81e-01  7.51e-01
  3.16e-01  3.55e-01
  2.27e-01  2.34e-01
  8.92e-02  1.02e-01
  4.01e-02  7.42e-02
  3.24e-02  3.42e-02
  1.90e-02  2.81e-02
  9.55e-03  1.18e-02
  3.09e-03  6.24e-03
  3.98e-03  3.26e-03
  1.79e-03  1.14e-03


número máximo de generaciones    154

       n.geners    merito   60.0000  20.0000
       -------- ---------- -------- --------
geneti     17.0    0.00000  40.0012  19.9993
mc sim   2464.0    1.07632  40.4670  20.5657
mc suc   2464.0    0.04447  40.0879  19.8795
mc mod    522.0    0.00001  39.9985  20.0010
       -------- ---------- -------- --------

fin.


CASO : 2
Poblacion :   16 coordenadas :    2

Normalizar No

L.paso
------
 0.100
------

   42 
coeficientes
 ------ ------
  60.00  20.00
 ------ ------

coorde infer. super.
------ ------ ------
     0   1.00  80.00
     1  10.00  30.00
------ ------ ------

coorde objet.
------ ------
     0  40.00
     1  20.00
  0.00000e+00
------ ------

  1.32e+01  2.37e+00
  9.70e+00  1.99e+00
  7.21e+00  1.64e+00
  3.03e+00  1.81e+00
  1.64e+00  8.36e-01
  1.68e+00  9.28e-01
  6.81e-01  7.51e-01
  3.16e-01  3.55e-01
  2.27e-01  2.34e-01
  8.92e-02  1.02e-01
  4.01e-02  7.42e-02
  3.24e-02  3.42e-02
  1.90e-02  2.81e-02
  9.55e-03  1.18e-02
  3.09e-03  6.24e-03
  3.98e-03  3.26e-03
  1.79e-03  1.14e-03


número máximo de generaciones    154

       n.geners    merito   60.0000  20.0000
       -------- ---------- -------- --------
geneti     17.0    0.00000  40.0012  19.9993
mc sim   2464.0    1.07632  40.4670  20.5657
mc suc   2464.0    0.04447  40.0879  19.8795
mc mod    522.0    0.00001  39.9985  20.0010
       -------- ---------- -------- --------

fin.

