
CASO : 1
Poblacion :   16 coordenadas :    6

Normalizar No

L.paso
------
 0.010
------

   42 
coeficientes
 ------ ------ ------ ------ ------ ------
   6.00  35.00  16.00  90.00 200.00  40.00
 ------ ------ ------ ------ ------ ------

coorde infer. super.
------ ------ ------
     0   0.00  10.00
     1  30.00  50.00
     2   5.00 100.00
     3  10.00 200.00
     4   0.00 500.00
     5   0.00 1000.00
------ ------ ------

coorde objet.
------ ------
     0   6.00
     1  35.00
     2  16.00
     3  90.00
     4 200.00
     5  40.00
  0.00000e+00
------ ------

numero maximo de generaciones   1000

       n.geners    merito    6.0000  35.0000  16.0000  90.0000 200.0000  40.0000
       -------- ---------- -------- -------- -------- -------- -------- --------
geneti   1000.0    0.48883   6.6834  34.9939  16.0428  90.0329 200.1344  40.0269
mc sim  16000.0  434.53201   1.6684  49.5051  18.6007  81.4437 188.9909  37.9516
mc suc  16000.0    2.91816   7.5109  34.5031  16.2862  89.5564 200.0399  40.3287
mc mod  16000.0    2.91816   7.5109  34.5031  16.2862  89.5564 200.0399  40.3287
       -------- ---------- -------- -------- -------- -------- -------- --------

fin.

